<?xml version="1.0" encoding="UTF-8"?>
<testsuite xmlns:xsi="http://www.w3.org/2001/XMLSchema-instance" xsi:noNamespaceSchemaLocation="https://maven.apache.org/surefire/maven-surefire-plugin/xsd/surefire-test-report-3.0.xsd" version="3.0" name="TestSuite" time="78.54" tests="5" errors="0" skipped="0" failures="1">
  <properties>
    <property name="sun.desktop" value="windows"/>
    <property name="awt.toolkit" value="sun.awt.windows.WToolkit"/>
    <property name="file.encoding.pkg" value="sun.io"/>
    <property name="java.specification.version" value="1.8"/>
    <property name="webdriver.chrome.driver" value="C:\Users\SuMooOOooOooOoo\.cache\selenium\chromedriver\win32\91.0.4472.101\chromedriver.exe"/>
    <property name="sun.cpu.isalist" value="amd64"/>
    <property name="sun.jnu.encoding" value="Cp1252"/>
    <property name="java.class.path" value="E:\Ex_Files_Selenium_EssT\WorkSpace\DemoFrameworkBuild\target\test-classes;E:\Ex_Files_Selenium_EssT\WorkSpace\DemoFrameworkBuild\target\classes;C:\Users\SuMooOOooOooOoo\.m2\repository\org\seleniumhq\selenium\selenium-java\3.141.59\selenium-java-3.141.59.jar;C:\Users\SuMooOOooOooOoo\.m2\repository\org\seleniumhq\selenium\selenium-api\3.141.59\selenium-api-3.141.59.jar;C:\Users\SuMooOOooOooOoo\.m2\repository\org\seleniumhq\selenium\selenium-chrome-driver\3.141.59\selenium-chrome-driver-3.141.59.jar;C:\Users\SuMooOOooOooOoo\.m2\repository\org\seleniumhq\selenium\selenium-edge-driver\3.141.59\selenium-edge-driver-3.141.59.jar;C:\Users\SuMooOOooOooOoo\.m2\repository\org\seleniumhq\selenium\selenium-ie-driver\3.141.59\selenium-ie-driver-3.141.59.jar;C:\Users\SuMooOOooOooOoo\.m2\repository\org\seleniumhq\selenium\selenium-opera-driver\3.141.59\selenium-opera-driver-3.141.59.jar;C:\Users\SuMooOOooOooOoo\.m2\repository\org\seleniumhq\selenium\selenium-remote-driver\3.141.59\selenium-remote-driver-3.141.59.jar;C:\Users\SuMooOOooOooOoo\.m2\repository\org\seleniumhq\selenium\selenium-safari-driver\3.141.59\selenium-safari-driver-3.141.59.jar;C:\Users\SuMooOOooOooOoo\.m2\repository\org\seleniumhq\selenium\selenium-support\3.141.59\selenium-support-3.141.59.jar;C:\Users\SuMooOOooOooOoo\.m2\repository\net\bytebuddy\byte-buddy\1.8.15\byte-buddy-1.8.15.jar;C:\Users\SuMooOOooOooOoo\.m2\repository\org\apache\commons\commons-exec\1.3\commons-exec-1.3.jar;C:\Users\SuMooOOooOooOoo\.m2\repository\com\google\guava\guava\25.0-jre\guava-25.0-jre.jar;C:\Users\SuMooOOooOooOoo\.m2\repository\com\google\code\findbugs\jsr305\1.3.9\jsr305-1.3.9.jar;C:\Users\SuMooOOooOooOoo\.m2\repository\org\checkerframework\checker-compat-qual\2.0.0\checker-compat-qual-2.0.0.jar;C:\Users\SuMooOOooOooOoo\.m2\repository\com\google\errorprone\error_prone_annotations\2.1.3\error_prone_annotations-2.1.3.jar;C:\Users\SuMooOOooOooOoo\.m2\repository\com\google\j2objc\j2objc-annotations\1.1\j2objc-annotations-1.1.jar;C:\Users\SuMooOOooOooOoo\.m2\repository\org\codehaus\mojo\animal-sniffer-annotations\1.14\animal-sniffer-annotations-1.14.jar;C:\Users\SuMooOOooOooOoo\.m2\repository\com\squareup\okhttp3\okhttp\3.11.0\okhttp-3.11.0.jar;C:\Users\SuMooOOooOooOoo\.m2\repository\com\squareup\okio\okio\1.14.0\okio-1.14.0.jar;C:\Users\SuMooOOooOooOoo\.m2\repository\io\github\bonigarcia\webdrivermanager\4.4.3\webdrivermanager-4.4.3.jar;C:\Users\SuMooOOooOooOoo\.m2\repository\org\slf4j\slf4j-api\1.7.30\slf4j-api-1.7.30.jar;C:\Users\SuMooOOooOooOoo\.m2\repository\commons-io\commons-io\2.8.0\commons-io-2.8.0.jar;C:\Users\SuMooOOooOooOoo\.m2\repository\com\google\code\gson\gson\2.8.6\gson-2.8.6.jar;C:\Users\SuMooOOooOooOoo\.m2\repository\org\apache\commons\commons-lang3\3.12.0\commons-lang3-3.12.0.jar;C:\Users\SuMooOOooOooOoo\.m2\repository\org\apache\httpcomponents\client5\httpclient5\5.0.3\httpclient5-5.0.3.jar;C:\Users\SuMooOOooOooOoo\.m2\repository\org\apache\httpcomponents\core5\httpcore5\5.0.2\httpcore5-5.0.2.jar;C:\Users\SuMooOOooOooOoo\.m2\repository\org\apache\httpcomponents\core5\httpcore5-h2\5.0.2\httpcore5-h2-5.0.2.jar;C:\Users\SuMooOOooOooOoo\.m2\repository\commons-codec\commons-codec\1.13\commons-codec-1.13.jar;C:\Users\SuMooOOooOooOoo\.m2\repository\org\rauschig\jarchivelib\1.1.0\jarchivelib-1.1.0.jar;C:\Users\SuMooOOooOooOoo\.m2\repository\org\apache\commons\commons-compress\1.20\commons-compress-1.20.jar;C:\Users\SuMooOOooOooOoo\.m2\repository\org\jsoup\jsoup\1.13.1\jsoup-1.13.1.jar;C:\Users\SuMooOOooOooOoo\.m2\repository\org\seleniumhq\selenium\selenium-firefox-driver\3.141.59\selenium-firefox-driver-3.141.59.jar;C:\Users\SuMooOOooOooOoo\.m2\repository\com\aventstack\extentreports\4.1.4\extentreports-4.1.4.jar;C:\Users\SuMooOOooOooOoo\.m2\repository\org\freemarker\freemarker\2.3.29\freemarker-2.3.29.jar;C:\Users\SuMooOOooOooOoo\.m2\repository\org\apache\httpcomponents\httpclient\4.5.2\httpclient-4.5.2.jar;C:\Users\SuMooOOooOooOoo\.m2\repository\org\apache\httpcomponents\httpcore\4.4.4\httpcore-4.4.4.jar;C:\Users\SuMooOOooOooOoo\.m2\repository\commons-logging\commons-logging\1.2\commons-logging-1.2.jar;C:\Users\SuMooOOooOooOoo\.m2\repository\org\apache\httpcomponents\httpmime\4.5.2\httpmime-4.5.2.jar;C:\Users\SuMooOOooOooOoo\.m2\repository\org\mongodb\mongodb-driver\3.12.0\mongodb-driver-3.12.0.jar;C:\Users\SuMooOOooOooOoo\.m2\repository\org\mongodb\mongodb-driver-core\3.12.0\mongodb-driver-core-3.12.0.jar;C:\Users\SuMooOOooOooOoo\.m2\repository\org\mongodb\bson\3.12.0\bson-3.12.0.jar;C:\Users\SuMooOOooOooOoo\.m2\repository\ru\yandex\qatools\ashot\ashot\1.5.4\ashot-1.5.4.jar;C:\Users\SuMooOOooOooOoo\.m2\repository\org\hamcrest\hamcrest-core\1.3\hamcrest-core-1.3.jar;C:\Users\SuMooOOooOooOoo\.m2\repository\org\testng\testng\7.4.0\testng-7.4.0.jar;C:\Users\SuMooOOooOooOoo\.m2\repository\com\beust\jcommander\1.78\jcommander-1.78.jar;C:\Users\SuMooOOooOooOoo\.m2\repository\org\webjars\jquery\3.5.1\jquery-3.5.1.jar;C:\Users\SuMooOOooOooOoo\.m2\repository\org\apache\logging\log4j\log4j-api\2.14.1\log4j-api-2.14.1.jar;C:\Users\SuMooOOooOooOoo\.m2\repository\org\apache\logging\log4j\log4j-core\2.14.1\log4j-core-2.14.1.jar;C:\Users\SuMooOOooOooOoo\.m2\repository\org\uncommons\reportng\1.1.4\reportng-1.1.4.jar;C:\Users\SuMooOOooOooOoo\.m2\repository\velocity\velocity\1.4\velocity-1.4.jar;C:\Users\SuMooOOooOooOoo\.m2\repository\velocity\velocity-dep\1.4\velocity-dep-1.4.jar;C:\Users\SuMooOOooOooOoo\.m2\repository\com\google\inject\guice\5.0.1\guice-5.0.1.jar;C:\Users\SuMooOOooOooOoo\.m2\repository\javax\inject\javax.inject\1\javax.inject-1.jar;C:\Users\SuMooOOooOooOoo\.m2\repository\aopalliance\aopalliance\1.0\aopalliance-1.0.jar;"/>
    <property name="java.vm.vendor" value="Oracle Corporation"/>
    <property name="sun.arch.data.model" value="64"/>
    <property name="user.variant" value=""/>
    <property name="java.vendor.url" value="http://java.oracle.com/"/>
    <property name="user.timezone" value="Asia/Calcutta"/>
    <property name="java.vm.specification.version" value="1.8"/>
    <property name="os.name" value="Windows 8.1"/>
    <property name="user.country" value="US"/>
    <property name="sun.java.launcher" value="SUN_STANDARD"/>
    <property name="sun.boot.library.path" value="C:\Java\jdk1.8.0_291\jre\bin"/>
    <property name="sun.java.command" value="C:\Users\SuMooOOooOooOoo\AppData\Local\Temp\surefire7175798124727157240\surefirebooter3959237344624888849.jar C:\Users\SuMooOOooOooOoo\AppData\Local\Temp\surefire7175798124727157240 2021-07-26T14-10-20_829-jvmRun1 surefire8412601010935304504tmp surefire_07188954860696833716tmp"/>
    <property name="surefire.test.class.path" value="E:\Ex_Files_Selenium_EssT\WorkSpace\DemoFrameworkBuild\target\test-classes;E:\Ex_Files_Selenium_EssT\WorkSpace\DemoFrameworkBuild\target\classes;C:\Users\SuMooOOooOooOoo\.m2\repository\org\seleniumhq\selenium\selenium-java\3.141.59\selenium-java-3.141.59.jar;C:\Users\SuMooOOooOooOoo\.m2\repository\org\seleniumhq\selenium\selenium-api\3.141.59\selenium-api-3.141.59.jar;C:\Users\SuMooOOooOooOoo\.m2\repository\org\seleniumhq\selenium\selenium-chrome-driver\3.141.59\selenium-chrome-driver-3.141.59.jar;C:\Users\SuMooOOooOooOoo\.m2\repository\org\seleniumhq\selenium\selenium-edge-driver\3.141.59\selenium-edge-driver-3.141.59.jar;C:\Users\SuMooOOooOooOoo\.m2\repository\org\seleniumhq\selenium\selenium-ie-driver\3.141.59\selenium-ie-driver-3.141.59.jar;C:\Users\SuMooOOooOooOoo\.m2\repository\org\seleniumhq\selenium\selenium-opera-driver\3.141.59\selenium-opera-driver-3.141.59.jar;C:\Users\SuMooOOooOooOoo\.m2\repository\org\seleniumhq\selenium\selenium-remote-driver\3.141.59\selenium-remote-driver-3.141.59.jar;C:\Users\SuMooOOooOooOoo\.m2\repository\org\seleniumhq\selenium\selenium-safari-driver\3.141.59\selenium-safari-driver-3.141.59.jar;C:\Users\SuMooOOooOooOoo\.m2\repository\org\seleniumhq\selenium\selenium-support\3.141.59\selenium-support-3.141.59.jar;C:\Users\SuMooOOooOooOoo\.m2\repository\net\bytebuddy\byte-buddy\1.8.15\byte-buddy-1.8.15.jar;C:\Users\SuMooOOooOooOoo\.m2\repository\org\apache\commons\commons-exec\1.3\commons-exec-1.3.jar;C:\Users\SuMooOOooOooOoo\.m2\repository\com\google\guava\guava\25.0-jre\guava-25.0-jre.jar;C:\Users\SuMooOOooOooOoo\.m2\repository\com\google\code\findbugs\jsr305\1.3.9\jsr305-1.3.9.jar;C:\Users\SuMooOOooOooOoo\.m2\repository\org\checkerframework\checker-compat-qual\2.0.0\checker-compat-qual-2.0.0.jar;C:\Users\SuMooOOooOooOoo\.m2\repository\com\google\errorprone\error_prone_annotations\2.1.3\error_prone_annotations-2.1.3.jar;C:\Users\SuMooOOooOooOoo\.m2\repository\com\google\j2objc\j2objc-annotations\1.1\j2objc-annotations-1.1.jar;C:\Users\SuMooOOooOooOoo\.m2\repository\org\codehaus\mojo\animal-sniffer-annotations\1.14\animal-sniffer-annotations-1.14.jar;C:\Users\SuMooOOooOooOoo\.m2\repository\com\squareup\okhttp3\okhttp\3.11.0\okhttp-3.11.0.jar;C:\Users\SuMooOOooOooOoo\.m2\repository\com\squareup\okio\okio\1.14.0\okio-1.14.0.jar;C:\Users\SuMooOOooOooOoo\.m2\repository\io\github\bonigarcia\webdrivermanager\4.4.3\webdrivermanager-4.4.3.jar;C:\Users\SuMooOOooOooOoo\.m2\repository\org\slf4j\slf4j-api\1.7.30\slf4j-api-1.7.30.jar;C:\Users\SuMooOOooOooOoo\.m2\repository\commons-io\commons-io\2.8.0\commons-io-2.8.0.jar;C:\Users\SuMooOOooOooOoo\.m2\repository\com\google\code\gson\gson\2.8.6\gson-2.8.6.jar;C:\Users\SuMooOOooOooOoo\.m2\repository\org\apache\commons\commons-lang3\3.12.0\commons-lang3-3.12.0.jar;C:\Users\SuMooOOooOooOoo\.m2\repository\org\apache\httpcomponents\client5\httpclient5\5.0.3\httpclient5-5.0.3.jar;C:\Users\SuMooOOooOooOoo\.m2\repository\org\apache\httpcomponents\core5\httpcore5\5.0.2\httpcore5-5.0.2.jar;C:\Users\SuMooOOooOooOoo\.m2\repository\org\apache\httpcomponents\core5\httpcore5-h2\5.0.2\httpcore5-h2-5.0.2.jar;C:\Users\SuMooOOooOooOoo\.m2\repository\commons-codec\commons-codec\1.13\commons-codec-1.13.jar;C:\Users\SuMooOOooOooOoo\.m2\repository\org\rauschig\jarchivelib\1.1.0\jarchivelib-1.1.0.jar;C:\Users\SuMooOOooOooOoo\.m2\repository\org\apache\commons\commons-compress\1.20\commons-compress-1.20.jar;C:\Users\SuMooOOooOooOoo\.m2\repository\org\jsoup\jsoup\1.13.1\jsoup-1.13.1.jar;C:\Users\SuMooOOooOooOoo\.m2\repository\org\seleniumhq\selenium\selenium-firefox-driver\3.141.59\selenium-firefox-driver-3.141.59.jar;C:\Users\SuMooOOooOooOoo\.m2\repository\com\aventstack\extentreports\4.1.4\extentreports-4.1.4.jar;C:\Users\SuMooOOooOooOoo\.m2\repository\org\freemarker\freemarker\2.3.29\freemarker-2.3.29.jar;C:\Users\SuMooOOooOooOoo\.m2\repository\org\apache\httpcomponents\httpclient\4.5.2\httpclient-4.5.2.jar;C:\Users\SuMooOOooOooOoo\.m2\repository\org\apache\httpcomponents\httpcore\4.4.4\httpcore-4.4.4.jar;C:\Users\SuMooOOooOooOoo\.m2\repository\commons-logging\commons-logging\1.2\commons-logging-1.2.jar;C:\Users\SuMooOOooOooOoo\.m2\repository\org\apache\httpcomponents\httpmime\4.5.2\httpmime-4.5.2.jar;C:\Users\SuMooOOooOooOoo\.m2\repository\org\mongodb\mongodb-driver\3.12.0\mongodb-driver-3.12.0.jar;C:\Users\SuMooOOooOooOoo\.m2\repository\org\mongodb\mongodb-driver-core\3.12.0\mongodb-driver-core-3.12.0.jar;C:\Users\SuMooOOooOooOoo\.m2\repository\org\mongodb\bson\3.12.0\bson-3.12.0.jar;C:\Users\SuMooOOooOooOoo\.m2\repository\ru\yandex\qatools\ashot\ashot\1.5.4\ashot-1.5.4.jar;C:\Users\SuMooOOooOooOoo\.m2\repository\org\hamcrest\hamcrest-core\1.3\hamcrest-core-1.3.jar;C:\Users\SuMooOOooOooOoo\.m2\repository\org\testng\testng\7.4.0\testng-7.4.0.jar;C:\Users\SuMooOOooOooOoo\.m2\repository\com\beust\jcommander\1.78\jcommander-1.78.jar;C:\Users\SuMooOOooOooOoo\.m2\repository\org\webjars\jquery\3.5.1\jquery-3.5.1.jar;C:\Users\SuMooOOooOooOoo\.m2\repository\org\apache\logging\log4j\log4j-api\2.14.1\log4j-api-2.14.1.jar;C:\Users\SuMooOOooOooOoo\.m2\repository\org\apache\logging\log4j\log4j-core\2.14.1\log4j-core-2.14.1.jar;C:\Users\SuMooOOooOooOoo\.m2\repository\org\uncommons\reportng\1.1.4\reportng-1.1.4.jar;C:\Users\SuMooOOooOooOoo\.m2\repository\velocity\velocity\1.4\velocity-1.4.jar;C:\Users\SuMooOOooOooOoo\.m2\repository\velocity\velocity-dep\1.4\velocity-dep-1.4.jar;C:\Users\SuMooOOooOooOoo\.m2\repository\com\google\inject\guice\5.0.1\guice-5.0.1.jar;C:\Users\SuMooOOooOooOoo\.m2\repository\javax\inject\javax.inject\1\javax.inject-1.jar;C:\Users\SuMooOOooOooOoo\.m2\repository\aopalliance\aopalliance\1.0\aopalliance-1.0.jar;"/>
    <property name="sun.cpu.endian" value="little"/>
    <property name="user.home" value="C:\Users\SuMooOOooOooOoo"/>
    <property name="user.language" value="en"/>
    <property name="java.specification.vendor" value="Oracle Corporation"/>
    <property name="java.home" value="C:\Java\jdk1.8.0_291\jre"/>
    <property name="basedir" value="E:\Ex_Files_Selenium_EssT\WorkSpace\DemoFrameworkBuild"/>
    <property name="file.separator" value="\"/>
    <property name="line.separator" value="&#10;"/>
    <property name="java.vm.specification.vendor" value="Oracle Corporation"/>
    <property name="java.specification.name" value="Java Platform API Specification"/>
    <property name="java.awt.graphicsenv" value="sun.awt.Win32GraphicsEnvironment"/>
    <property name="surefire.real.class.path" value="C:\Users\SuMooOOooOooOoo\AppData\Local\Temp\surefire7175798124727157240\surefirebooter3959237344624888849.jar"/>
    <property name="sun.boot.class.path" value="C:\Java\jdk1.8.0_291\jre\lib\resources.jar;C:\Java\jdk1.8.0_291\jre\lib\rt.jar;C:\Java\jdk1.8.0_291\jre\lib\sunrsasign.jar;C:\Java\jdk1.8.0_291\jre\lib\jsse.jar;C:\Java\jdk1.8.0_291\jre\lib\jce.jar;C:\Java\jdk1.8.0_291\jre\lib\charsets.jar;C:\Java\jdk1.8.0_291\jre\lib\jfr.jar;C:\Java\jdk1.8.0_291\jre\classes"/>
    <property name="user.script" value=""/>
    <property name="sun.management.compiler" value="HotSpot 64-Bit Tiered Compilers"/>
    <property name="java.runtime.version" value="1.8.0_291-b10"/>
    <property name="user.name" value="SuMooOOooOooOoo"/>
    <property name="path.separator" value=";"/>
    <property name="os.version" value="6.3"/>
    <property name="java.endorsed.dirs" value="C:\Java\jdk1.8.0_291\jre\lib\endorsed"/>
    <property name="java.runtime.name" value="Java(TM) SE Runtime Environment"/>
    <property name="file.encoding" value="Cp1252"/>
    <property name="java.vm.name" value="Java HotSpot(TM) 64-Bit Server VM"/>
    <property name="localRepository" value="C:\Users\SuMooOOooOooOoo\.m2\repository"/>
    <property name="java.vendor.url.bug" value="http://bugreport.sun.com/bugreport/"/>
    <property name="java.io.tmpdir" value="C:\Users\SUMOOO~1\AppData\Local\Temp\"/>
    <property name="java.version" value="1.8.0_291"/>
    <property name="user.dir" value="E:\Ex_Files_Selenium_EssT\WorkSpace\DemoFrameworkBuild"/>
    <property name="os.arch" value="amd64"/>
    <property name="java.vm.specification.name" value="Java Virtual Machine Specification"/>
    <property name="java.awt.printerjob" value="sun.awt.windows.WPrinterJob"/>
    <property name="sun.os.patch.level" value=""/>
    <property name="java.library.path" value="C:\Java\jdk1.8.0_291\jre\bin;C:\Windows\Sun\Java\bin;C:\Windows\system32;C:\Windows;C:\Program Files (x86)\Common Files\Oracle\Java\javapath;C:\Windows\system32;C:\Windows;C:\Windows\System32\Wbem;C:\Windows\System32\WindowsPowerShell\v1.0\;C:\Android;C:\Windows\System32;C:\Program Files\Git\cmd;C:\Java\jdk1.8.0_291\\bin;E:\Ex_Files_Selenium_EssT\apache-maven-3.8.1\bin;C:\Users\SuMooOOooOooOoo\AppData\Local\Programs\Python\Python37-32\Scripts\;C:\Users\SuMooOOooOooOoo\AppData\Local\Programs\Python\Python37-32\;."/>
    <property name="java.vm.info" value="mixed mode"/>
    <property name="java.vendor" value="Oracle Corporation"/>
    <property name="java.vm.version" value="25.291-b10"/>
    <property name="java.ext.dirs" value="C:\Java\jdk1.8.0_291\jre\lib\ext;C:\Windows\Sun\Java\lib\ext"/>
    <property name="sun.io.unicode.encoding" value="UnicodeLittle"/>
    <property name="java.class.version" value="52.0"/>
  </properties>
  <testcase name="ValidateNavigationBartitle" classname="TestCases.ValidateNavigationBar" time="12.732">
    <failure message="expected [FEATURED COURSES123] but found [FEATURED COURSES]" type="java.lang.AssertionError"><![CDATA[java.lang.AssertionError: expected [FEATURED COURSES123] but found [FEATURED COURSES]
	at TestCases.ValidateNavigationBar.ValidateNavigationBartitle(ValidateNavigationBar.java:36)
]]></failure>
    <system-err><![CDATA[SLF4J: Failed to load class "org.slf4j.impl.StaticLoggerBinder".
SLF4J: Defaulting to no-operation (NOP) logger implementation
SLF4J: See http://www.slf4j.org/codes.html#StaticLoggerBinder for further details.
Starting ChromeDriver 91.0.4472.101 (af52a90bf87030dd1523486a1cd3ae25c5d76c9b-refs/branch-heads/4472@{#1462}) on port 38925
Only local connections are allowed.
Please see https://chromedriver.chromium.org/security-considerations for suggestions on keeping ChromeDriver safe.
ChromeDriver was started successfully.
Jul 26, 2021 2:10:42 PM org.openqa.selenium.remote.ProtocolHandshake createSession
INFO: Detected dialect: W3C
Starting ChromeDriver 91.0.4472.101 (af52a90bf87030dd1523486a1cd3ae25c5d76c9b-refs/branch-heads/4472@{#1462}) on port 40549
Only local connections are allowed.
Please see https://chromedriver.chromium.org/security-considerations for suggestions on keeping ChromeDriver safe.
ChromeDriver was started successfully.
Jul 26, 2021 2:10:53 PM org.openqa.selenium.remote.ProtocolHandshake createSession
INFO: Detected dialect: W3C
]]></system-err>
  </testcase>
  <testcase name="BasePageNav[abc@abc.com, aablcd133](1)" classname="TestCases.HomePage" time="6.616">
    <system-out><![CDATA[DEBUG   16272   [freemark] (): Couldn't find template in cache for "spark/spark.spa.ftl"("en_US", UTF-8, parsed); will try to load it.
DEBUG   16272   [freemark] (): TemplateLoader.findTemplateSource("spark/spark.spa_en_US.ftl"): Not found
DEBUG   16272   [freemark] (): TemplateLoader.findTemplateSource("spark/spark.spa_en.ftl"): Not found
DEBUG   16272   [freemark] (): TemplateLoader.findTemplateSource("spark/spark.spa.ftl"): Found
DEBUG   16272   [freemark] (): Loading template for "spark/spark.spa.ftl"("en_US", UTF-8, parsed) from "jar:file:/C:/Users/SuMooOOooOooOoo/.m2/repository/com/aventstack/extentreports/4.1.4/extentreports-4.1.4.jar!/com/aventstack/extentreports/view/spark/spark.spa.ftl"
DEBUG   16272   [freemark] (): Couldn't find template in cache for "commons/commons-variables.ftl"("en_US", UTF-8, parsed); will try to load it.
DEBUG   16272   [freemark] (): TemplateLoader.findTemplateSource("commons/commons-variables_en_US.ftl"): Not found
DEBUG   16272   [freemark] (): TemplateLoader.findTemplateSource("commons/commons-variables_en.ftl"): Not found
DEBUG   16272   [freemark] (): TemplateLoader.findTemplateSource("commons/commons-variables.ftl"): Found
DEBUG   16272   [freemark] (): Loading template for "commons/commons-variables.ftl"("en_US", UTF-8, parsed) from "jar:file:/C:/Users/SuMooOOooOooOoo/.m2/repository/com/aventstack/extentreports/4.1.4/extentreports-4.1.4.jar!/com/aventstack/extentreports/view/commons/commons-variables.ftl"
DEBUG   16272   [freemark] (): Couldn't find template in cache for "commons/commons-macros.ftl"("en_US", UTF-8, parsed); will try to load it.
DEBUG   16272   [freemark] (): TemplateLoader.findTemplateSource("commons/commons-macros_en_US.ftl"): Not found
DEBUG   16272   [freemark] (): TemplateLoader.findTemplateSource("commons/commons-macros_en.ftl"): Not found
DEBUG   16272   [freemark] (): TemplateLoader.findTemplateSource("commons/commons-macros.ftl"): Found
DEBUG   16272   [freemark] (): Loading template for "commons/commons-macros.ftl"("en_US", UTF-8, parsed) from "jar:file:/C:/Users/SuMooOOooOooOoo/.m2/repository/com/aventstack/extentreports/4.1.4/extentreports-4.1.4.jar!/com/aventstack/extentreports/view/commons/commons-macros.ftl"
DEBUG   16272   [freemark] (): Couldn't find template in cache for "spark/macros/attributes.ftl"("en_US", UTF-8, parsed); will try to load it.
DEBUG   16272   [freemark] (): TemplateLoader.findTemplateSource("spark/macros/attributes_en_US.ftl"): Not found
DEBUG   16272   [freemark] (): TemplateLoader.findTemplateSource("spark/macros/attributes_en.ftl"): Not found
DEBUG   16272   [freemark] (): TemplateLoader.findTemplateSource("spark/macros/attributes.ftl"): Found
DEBUG   16272   [freemark] (): Loading template for "spark/macros/attributes.ftl"("en_US", UTF-8, parsed) from "jar:file:/C:/Users/SuMooOOooOooOoo/.m2/repository/com/aventstack/extentreports/4.1.4/extentreports-4.1.4.jar!/com/aventstack/extentreports/view/spark/macros/attributes.ftl"
DEBUG   16272   [freemark] (): Couldn't find template in cache for "spark/macros/log.ftl"("en_US", UTF-8, parsed); will try to load it.
DEBUG   16272   [freemark] (): TemplateLoader.findTemplateSource("spark/macros/log_en_US.ftl"): Not found
DEBUG   16272   [freemark] (): TemplateLoader.findTemplateSource("spark/macros/log_en.ftl"): Not found
DEBUG   16272   [freemark] (): TemplateLoader.findTemplateSource("spark/macros/log.ftl"): Found
DEBUG   16272   [freemark] (): Loading template for "spark/macros/log.ftl"("en_US", UTF-8, parsed) from "jar:file:/C:/Users/SuMooOOooOooOoo/.m2/repository/com/aventstack/extentreports/4.1.4/extentreports-4.1.4.jar!/com/aventstack/extentreports/view/spark/macros/log.ftl"
DEBUG   16272   [freemark] (): Couldn't find template in cache for "spark/macros/recurse_nodes.ftl"("en_US", UTF-8, parsed); will try to load it.
DEBUG   16272   [freemark] (): TemplateLoader.findTemplateSource("spark/macros/recurse_nodes_en_US.ftl"): Not found
DEBUG   16272   [freemark] (): TemplateLoader.findTemplateSource("spark/macros/recurse_nodes_en.ftl"): Not found
DEBUG   16272   [freemark] (): TemplateLoader.findTemplateSource("spark/macros/recurse_nodes.ftl"): Found
DEBUG   16272   [freemark] (): Loading template for "spark/macros/recurse_nodes.ftl"("en_US", UTF-8, parsed) from "jar:file:/C:/Users/SuMooOOooOooOoo/.m2/repository/com/aventstack/extentreports/4.1.4/extentreports-4.1.4.jar!/com/aventstack/extentreports/view/spark/macros/recurse_nodes.ftl"
DEBUG   16272   [freemark] (): "spark/macros/log.ftl"("en_US", UTF-8, parsed) cached copy not yet stale; using cached.
DEBUG   16272   [freemark] (): Couldn't find template in cache for "spark/partials/head.ftl"("en_US", UTF-8, parsed); will try to load it.
DEBUG   16272   [freemark] (): TemplateLoader.findTemplateSource("spark/partials/head_en_US.ftl"): Not found
DEBUG   16272   [freemark] (): TemplateLoader.findTemplateSource("spark/partials/head_en.ftl"): Not found
DEBUG   16272   [freemark] (): TemplateLoader.findTemplateSource("spark/partials/head.ftl"): Found
DEBUG   16272   [freemark] (): Loading template for "spark/partials/head.ftl"("en_US", UTF-8, parsed) from "jar:file:/C:/Users/SuMooOOooOooOoo/.m2/repository/com/aventstack/extentreports/4.1.4/extentreports-4.1.4.jar!/com/aventstack/extentreports/view/spark/partials/head.ftl"
DEBUG   16272   [freemark] (): Couldn't find template in cache for "commons/commons-inject-css.ftl"("en_US", UTF-8, parsed); will try to load it.
DEBUG   16272   [freemark] (): TemplateLoader.findTemplateSource("commons/commons-inject-css_en_US.ftl"): Not found
DEBUG   16272   [freemark] (): TemplateLoader.findTemplateSource("commons/commons-inject-css_en.ftl"): Not found
DEBUG   16272   [freemark] (): TemplateLoader.findTemplateSource("commons/commons-inject-css.ftl"): Found
DEBUG   16272   [freemark] (): Loading template for "commons/commons-inject-css.ftl"("en_US", UTF-8, parsed) from "jar:file:/C:/Users/SuMooOOooOooOoo/.m2/repository/com/aventstack/extentreports/4.1.4/extentreports-4.1.4.jar!/com/aventstack/extentreports/view/commons/commons-inject-css.ftl"
DEBUG   16272   [freemark] (): Couldn't find template in cache for "spark/partials/navbar.ftl"("en_US", UTF-8, parsed); will try to load it.
DEBUG   16272   [freemark] (): TemplateLoader.findTemplateSource("spark/partials/navbar_en_US.ftl"): Not found
DEBUG   16272   [freemark] (): TemplateLoader.findTemplateSource("spark/partials/navbar_en.ftl"): Not found
DEBUG   16272   [freemark] (): TemplateLoader.findTemplateSource("spark/partials/navbar.ftl"): Found
DEBUG   16272   [freemark] (): Loading template for "spark/partials/navbar.ftl"("en_US", UTF-8, parsed) from "jar:file:/C:/Users/SuMooOOooOooOoo/.m2/repository/com/aventstack/extentreports/4.1.4/extentreports-4.1.4.jar!/com/aventstack/extentreports/view/spark/partials/navbar.ftl"
DEBUG   16272   [freemark] (): Couldn't find template in cache for "spark/partials/sidenav.ftl"("en_US", UTF-8, parsed); will try to load it.
DEBUG   16272   [freemark] (): TemplateLoader.findTemplateSource("spark/partials/sidenav_en_US.ftl"): Not found
DEBUG   16272   [freemark] (): TemplateLoader.findTemplateSource("spark/partials/sidenav_en.ftl"): Not found
DEBUG   16272   [freemark] (): TemplateLoader.findTemplateSource("spark/partials/sidenav.ftl"): Found
DEBUG   16272   [freemark] (): Loading template for "spark/partials/sidenav.ftl"("en_US", UTF-8, parsed) from "jar:file:/C:/Users/SuMooOOooOooOoo/.m2/repository/com/aventstack/extentreports/4.1.4/extentreports-4.1.4.jar!/com/aventstack/extentreports/view/spark/partials/sidenav.ftl"
DEBUG   16272   [freemark] (): Couldn't find template in cache for "spark/partials/test.ftl"("en_US", UTF-8, parsed); will try to load it.
DEBUG   16272   [freemark] (): TemplateLoader.findTemplateSource("spark/partials/test_en_US.ftl"): Not found
DEBUG   16272   [freemark] (): TemplateLoader.findTemplateSource("spark/partials/test_en.ftl"): Not found
DEBUG   16272   [freemark] (): TemplateLoader.findTemplateSource("spark/partials/test.ftl"): Found
DEBUG   16272   [freemark] (): Loading template for "spark/partials/test.ftl"("en_US", UTF-8, parsed) from "jar:file:/C:/Users/SuMooOOooOooOoo/.m2/repository/com/aventstack/extentreports/4.1.4/extentreports-4.1.4.jar!/com/aventstack/extentreports/view/spark/partials/test.ftl"
DEBUG   16272   [freemark] (): Couldn't find template in cache for "spark/partials/standard-content.ftl"("en_US", UTF-8, parsed); will try to load it.
DEBUG   16272   [freemark] (): TemplateLoader.findTemplateSource("spark/partials/standard-content_en_US.ftl"): Not found
DEBUG   16272   [freemark] (): TemplateLoader.findTemplateSource("spark/partials/standard-content_en.ftl"): Not found
DEBUG   16272   [freemark] (): TemplateLoader.findTemplateSource("spark/partials/standard-content.ftl"): Found
DEBUG   16272   [freemark] (): Loading template for "spark/partials/standard-content.ftl"("en_US", UTF-8, parsed) from "jar:file:/C:/Users/SuMooOOooOooOoo/.m2/repository/com/aventstack/extentreports/4.1.4/extentreports-4.1.4.jar!/com/aventstack/extentreports/view/spark/partials/standard-content.ftl"
DEBUG   16272   [freemark] (): Couldn't find template in cache for "spark/partials/exception.ftl"("en_US", UTF-8, parsed); will try to load it.
DEBUG   16272   [freemark] (): TemplateLoader.findTemplateSource("spark/partials/exception_en_US.ftl"): Not found
DEBUG   16272   [freemark] (): TemplateLoader.findTemplateSource("spark/partials/exception_en.ftl"): Not found
DEBUG   16272   [freemark] (): TemplateLoader.findTemplateSource("spark/partials/exception.ftl"): Found
DEBUG   16272   [freemark] (): Loading template for "spark/partials/exception.ftl"("en_US", UTF-8, parsed) from "jar:file:/C:/Users/SuMooOOooOooOoo/.m2/repository/com/aventstack/extentreports/4.1.4/extentreports-4.1.4.jar!/com/aventstack/extentreports/view/spark/partials/exception.ftl"
DEBUG   16272   [freemark] (): Couldn't find template in cache for "spark/partials/dashboard.ftl"("en_US", UTF-8, parsed); will try to load it.
DEBUG   16272   [freemark] (): TemplateLoader.findTemplateSource("spark/partials/dashboard_en_US.ftl"): Not found
DEBUG   16272   [freemark] (): TemplateLoader.findTemplateSource("spark/partials/dashboard_en.ftl"): Not found
DEBUG   16272   [freemark] (): TemplateLoader.findTemplateSource("spark/partials/dashboard.ftl"): Found
DEBUG   16272   [freemark] (): Loading template for "spark/partials/dashboard.ftl"("en_US", UTF-8, parsed) from "jar:file:/C:/Users/SuMooOOooOooOoo/.m2/repository/com/aventstack/extentreports/4.1.4/extentreports-4.1.4.jar!/com/aventstack/extentreports/view/spark/partials/dashboard.ftl"
DEBUG   16272   [freemark] (): Couldn't find template in cache for "spark/partials/scripts.ftl"("en_US", UTF-8, parsed); will try to load it.
DEBUG   16272   [freemark] (): TemplateLoader.findTemplateSource("spark/partials/scripts_en_US.ftl"): Not found
DEBUG   16272   [freemark] (): TemplateLoader.findTemplateSource("spark/partials/scripts_en.ftl"): Not found
DEBUG   16272   [freemark] (): TemplateLoader.findTemplateSource("spark/partials/scripts.ftl"): Found
DEBUG   16272   [freemark] (): Loading template for "spark/partials/scripts.ftl"("en_US", UTF-8, parsed) from "jar:file:/C:/Users/SuMooOOooOooOoo/.m2/repository/com/aventstack/extentreports/4.1.4/extentreports-4.1.4.jar!/com/aventstack/extentreports/view/spark/partials/scripts.ftl"
DEBUG   16272   [freemark] (): Couldn't find template in cache for "commons/commons-inject-js.ftl"("en_US", UTF-8, parsed); will try to load it.
DEBUG   16272   [freemark] (): TemplateLoader.findTemplateSource("commons/commons-inject-js_en_US.ftl"): Not found
DEBUG   16272   [freemark] (): TemplateLoader.findTemplateSource("commons/commons-inject-js_en.ftl"): Not found
DEBUG   16272   [freemark] (): TemplateLoader.findTemplateSource("commons/commons-inject-js.ftl"): Found
DEBUG   16272   [freemark] (): Loading template for "commons/commons-inject-js.ftl"("en_US", UTF-8, parsed) from "jar:file:/C:/Users/SuMooOOooOooOoo/.m2/repository/com/aventstack/extentreports/4.1.4/extentreports-4.1.4.jar!/com/aventstack/extentreports/view/commons/commons-inject-js.ftl"
]]></system-out>
    <system-err><![CDATA[Starting ChromeDriver 91.0.4472.101 (af52a90bf87030dd1523486a1cd3ae25c5d76c9b-refs/branch-heads/4472@{#1462}) on port 43023
Only local connections are allowed.
Please see https://chromedriver.chromium.org/security-considerations for suggestions on keeping ChromeDriver safe.
ChromeDriver was started successfully.
Jul 26, 2021 2:11:10 PM org.openqa.selenium.remote.ProtocolHandshake createSession
INFO: Detected dialect: W3C
]]></system-err>
  </testcase>
  <testcase name="BasePageNav[xyz@abc.com, aablcd133](2)" classname="TestCases.HomePage" time="7.1"/>
  <testcase name="BasePageNav[abc@xyz.com, aablcd133](3)" classname="TestCases.HomePage" time="6.45"/>
  <testcase name="ValidateTitle1" classname="TestCases.ValidateTitle" time="0">
    <system-out><![CDATA[DEBUG   16272   [freemark] (): TemplateLoader.findTemplateSource("spark/spark.spa_en_US.ftl"): Not found
DEBUG   16272   [freemark] (): TemplateLoader.findTemplateSource("spark/spark.spa_en.ftl"): Not found
DEBUG   16272   [freemark] (): TemplateLoader.findTemplateSource("spark/spark.spa.ftl"): Found
DEBUG   16272   [freemark] (): "spark/spark.spa.ftl"("en_US", UTF-8, parsed): using cached since jar:file:/C:/Users/SuMooOOooOooOoo/.m2/repository/com/aventstack/extentreports/4.1.4/extentreports-4.1.4.jar!/com/aventstack/extentreports/view/spark/spark.spa.ftl hasn't changed.
DEBUG   16272   [freemark] (): TemplateLoader.findTemplateSource("commons/commons-variables_en_US.ftl"): Not found
DEBUG   16272   [freemark] (): TemplateLoader.findTemplateSource("commons/commons-variables_en.ftl"): Not found
DEBUG   16272   [freemark] (): TemplateLoader.findTemplateSource("commons/commons-variables.ftl"): Found
DEBUG   16272   [freemark] (): "commons/commons-variables.ftl"("en_US", UTF-8, parsed): using cached since jar:file:/C:/Users/SuMooOOooOooOoo/.m2/repository/com/aventstack/extentreports/4.1.4/extentreports-4.1.4.jar!/com/aventstack/extentreports/view/commons/commons-variables.ftl hasn't changed.
DEBUG   16272   [freemark] (): TemplateLoader.findTemplateSource("commons/commons-macros_en_US.ftl"): Not found
DEBUG   16272   [freemark] (): TemplateLoader.findTemplateSource("commons/commons-macros_en.ftl"): Not found
DEBUG   16272   [freemark] (): TemplateLoader.findTemplateSource("commons/commons-macros.ftl"): Found
DEBUG   16272   [freemark] (): "commons/commons-macros.ftl"("en_US", UTF-8, parsed): using cached since jar:file:/C:/Users/SuMooOOooOooOoo/.m2/repository/com/aventstack/extentreports/4.1.4/extentreports-4.1.4.jar!/com/aventstack/extentreports/view/commons/commons-macros.ftl hasn't changed.
DEBUG   16272   [freemark] (): TemplateLoader.findTemplateSource("spark/macros/attributes_en_US.ftl"): Not found
DEBUG   16272   [freemark] (): TemplateLoader.findTemplateSource("spark/macros/attributes_en.ftl"): Not found
DEBUG   16272   [freemark] (): TemplateLoader.findTemplateSource("spark/macros/attributes.ftl"): Found
DEBUG   16272   [freemark] (): "spark/macros/attributes.ftl"("en_US", UTF-8, parsed): using cached since jar:file:/C:/Users/SuMooOOooOooOoo/.m2/repository/com/aventstack/extentreports/4.1.4/extentreports-4.1.4.jar!/com/aventstack/extentreports/view/spark/macros/attributes.ftl hasn't changed.
DEBUG   16272   [freemark] (): TemplateLoader.findTemplateSource("spark/macros/log_en_US.ftl"): Not found
DEBUG   16272   [freemark] (): TemplateLoader.findTemplateSource("spark/macros/log_en.ftl"): Not found
DEBUG   16272   [freemark] (): TemplateLoader.findTemplateSource("spark/macros/log.ftl"): Found
DEBUG   16272   [freemark] (): "spark/macros/log.ftl"("en_US", UTF-8, parsed): using cached since jar:file:/C:/Users/SuMooOOooOooOoo/.m2/repository/com/aventstack/extentreports/4.1.4/extentreports-4.1.4.jar!/com/aventstack/extentreports/view/spark/macros/log.ftl hasn't changed.
DEBUG   16272   [freemark] (): TemplateLoader.findTemplateSource("spark/macros/recurse_nodes_en_US.ftl"): Not found
DEBUG   16272   [freemark] (): TemplateLoader.findTemplateSource("spark/macros/recurse_nodes_en.ftl"): Not found
DEBUG   16272   [freemark] (): TemplateLoader.findTemplateSource("spark/macros/recurse_nodes.ftl"): Found
DEBUG   16272   [freemark] (): "spark/macros/recurse_nodes.ftl"("en_US", UTF-8, parsed): using cached since jar:file:/C:/Users/SuMooOOooOooOoo/.m2/repository/com/aventstack/extentreports/4.1.4/extentreports-4.1.4.jar!/com/aventstack/extentreports/view/spark/macros/recurse_nodes.ftl hasn't changed.
DEBUG   16272   [freemark] (): "spark/macros/log.ftl"("en_US", UTF-8, parsed) cached copy not yet stale; using cached.
DEBUG   16272   [freemark] (): TemplateLoader.findTemplateSource("spark/partials/head_en_US.ftl"): Not found
DEBUG   16272   [freemark] (): TemplateLoader.findTemplateSource("spark/partials/head_en.ftl"): Not found
DEBUG   16272   [freemark] (): TemplateLoader.findTemplateSource("spark/partials/head.ftl"): Found
DEBUG   16272   [freemark] (): "spark/partials/head.ftl"("en_US", UTF-8, parsed): using cached since jar:file:/C:/Users/SuMooOOooOooOoo/.m2/repository/com/aventstack/extentreports/4.1.4/extentreports-4.1.4.jar!/com/aventstack/extentreports/view/spark/partials/head.ftl hasn't changed.
DEBUG   16272   [freemark] (): TemplateLoader.findTemplateSource("commons/commons-inject-css_en_US.ftl"): Not found
DEBUG   16272   [freemark] (): TemplateLoader.findTemplateSource("commons/commons-inject-css_en.ftl"): Not found
DEBUG   16272   [freemark] (): TemplateLoader.findTemplateSource("commons/commons-inject-css.ftl"): Found
DEBUG   16272   [freemark] (): "commons/commons-inject-css.ftl"("en_US", UTF-8, parsed): using cached since jar:file:/C:/Users/SuMooOOooOooOoo/.m2/repository/com/aventstack/extentreports/4.1.4/extentreports-4.1.4.jar!/com/aventstack/extentreports/view/commons/commons-inject-css.ftl hasn't changed.
DEBUG   16272   [freemark] (): TemplateLoader.findTemplateSource("spark/partials/navbar_en_US.ftl"): Not found
DEBUG   16272   [freemark] (): TemplateLoader.findTemplateSource("spark/partials/navbar_en.ftl"): Not found
DEBUG   16272   [freemark] (): TemplateLoader.findTemplateSource("spark/partials/navbar.ftl"): Found
DEBUG   16272   [freemark] (): "spark/partials/navbar.ftl"("en_US", UTF-8, parsed): using cached since jar:file:/C:/Users/SuMooOOooOooOoo/.m2/repository/com/aventstack/extentreports/4.1.4/extentreports-4.1.4.jar!/com/aventstack/extentreports/view/spark/partials/navbar.ftl hasn't changed.
DEBUG   16272   [freemark] (): TemplateLoader.findTemplateSource("spark/partials/sidenav_en_US.ftl"): Not found
DEBUG   16272   [freemark] (): TemplateLoader.findTemplateSource("spark/partials/sidenav_en.ftl"): Not found
DEBUG   16272   [freemark] (): TemplateLoader.findTemplateSource("spark/partials/sidenav.ftl"): Found
DEBUG   16272   [freemark] (): "spark/partials/sidenav.ftl"("en_US", UTF-8, parsed): using cached since jar:file:/C:/Users/SuMooOOooOooOoo/.m2/repository/com/aventstack/extentreports/4.1.4/extentreports-4.1.4.jar!/com/aventstack/extentreports/view/spark/partials/sidenav.ftl hasn't changed.
DEBUG   16272   [freemark] (): TemplateLoader.findTemplateSource("spark/partials/test_en_US.ftl"): Not found
DEBUG   16272   [freemark] (): TemplateLoader.findTemplateSource("spark/partials/test_en.ftl"): Not found
DEBUG   16272   [freemark] (): TemplateLoader.findTemplateSource("spark/partials/test.ftl"): Found
DEBUG   16272   [freemark] (): "spark/partials/test.ftl"("en_US", UTF-8, parsed): using cached since jar:file:/C:/Users/SuMooOOooOooOoo/.m2/repository/com/aventstack/extentreports/4.1.4/extentreports-4.1.4.jar!/com/aventstack/extentreports/view/spark/partials/test.ftl hasn't changed.
DEBUG   16272   [freemark] (): TemplateLoader.findTemplateSource("spark/partials/standard-content_en_US.ftl"): Not found
DEBUG   16272   [freemark] (): TemplateLoader.findTemplateSource("spark/partials/standard-content_en.ftl"): Not found
DEBUG   16272   [freemark] (): TemplateLoader.findTemplateSource("spark/partials/standard-content.ftl"): Found
DEBUG   16272   [freemark] (): "spark/partials/standard-content.ftl"("en_US", UTF-8, parsed): using cached since jar:file:/C:/Users/SuMooOOooOooOoo/.m2/repository/com/aventstack/extentreports/4.1.4/extentreports-4.1.4.jar!/com/aventstack/extentreports/view/spark/partials/standard-content.ftl hasn't changed.
DEBUG   16272   [freemark] (): "spark/partials/standard-content.ftl"("en_US", UTF-8, parsed) cached copy not yet stale; using cached.
DEBUG   16272   [freemark] (): "spark/partials/standard-content.ftl"("en_US", UTF-8, parsed) cached copy not yet stale; using cached.
DEBUG   16272   [freemark] (): "spark/partials/standard-content.ftl"("en_US", UTF-8, parsed) cached copy not yet stale; using cached.
DEBUG   16272   [freemark] (): TemplateLoader.findTemplateSource("spark/partials/exception_en_US.ftl"): Not found
DEBUG   16272   [freemark] (): TemplateLoader.findTemplateSource("spark/partials/exception_en.ftl"): Not found
DEBUG   16272   [freemark] (): TemplateLoader.findTemplateSource("spark/partials/exception.ftl"): Found
DEBUG   16272   [freemark] (): "spark/partials/exception.ftl"("en_US", UTF-8, parsed): using cached since jar:file:/C:/Users/SuMooOOooOooOoo/.m2/repository/com/aventstack/extentreports/4.1.4/extentreports-4.1.4.jar!/com/aventstack/extentreports/view/spark/partials/exception.ftl hasn't changed.
DEBUG   16272   [freemark] (): TemplateLoader.findTemplateSource("spark/partials/dashboard_en_US.ftl"): Not found
DEBUG   16272   [freemark] (): TemplateLoader.findTemplateSource("spark/partials/dashboard_en.ftl"): Not found
DEBUG   16272   [freemark] (): TemplateLoader.findTemplateSource("spark/partials/dashboard.ftl"): Found
DEBUG   16272   [freemark] (): "spark/partials/dashboard.ftl"("en_US", UTF-8, parsed): using cached since jar:file:/C:/Users/SuMooOOooOooOoo/.m2/repository/com/aventstack/extentreports/4.1.4/extentreports-4.1.4.jar!/com/aventstack/extentreports/view/spark/partials/dashboard.ftl hasn't changed.
DEBUG   16272   [freemark] (): TemplateLoader.findTemplateSource("spark/partials/scripts_en_US.ftl"): Not found
DEBUG   16272   [freemark] (): TemplateLoader.findTemplateSource("spark/partials/scripts_en.ftl"): Not found
DEBUG   16272   [freemark] (): TemplateLoader.findTemplateSource("spark/partials/scripts.ftl"): Found
DEBUG   16272   [freemark] (): "spark/partials/scripts.ftl"("en_US", UTF-8, parsed): using cached since jar:file:/C:/Users/SuMooOOooOooOoo/.m2/repository/com/aventstack/extentreports/4.1.4/extentreports-4.1.4.jar!/com/aventstack/extentreports/view/spark/partials/scripts.ftl hasn't changed.
DEBUG   16272   [freemark] (): TemplateLoader.findTemplateSource("commons/commons-inject-js_en_US.ftl"): Not found
DEBUG   16272   [freemark] (): TemplateLoader.findTemplateSource("commons/commons-inject-js_en.ftl"): Not found
DEBUG   16272   [freemark] (): TemplateLoader.findTemplateSource("commons/commons-inject-js.ftl"): Found
DEBUG   16272   [freemark] (): "commons/commons-inject-js.ftl"("en_US", UTF-8, parsed): using cached since jar:file:/C:/Users/SuMooOOooOooOoo/.m2/repository/com/aventstack/extentreports/4.1.4/extentreports-4.1.4.jar!/com/aventstack/extentreports/view/commons/commons-inject-js.ftl hasn't changed.
]]></system-out>
    <system-err><![CDATA[Starting ChromeDriver 91.0.4472.101 (af52a90bf87030dd1523486a1cd3ae25c5d76c9b-refs/branch-heads/4472@{#1462}) on port 39759
Only local connections are allowed.
Please see https://chromedriver.chromium.org/security-considerations for suggestions on keeping ChromeDriver safe.
ChromeDriver was started successfully.
Jul 26, 2021 2:11:35 PM org.openqa.selenium.remote.ProtocolHandshake createSession
INFO: Detected dialect: W3C
]]></system-err>
  </testcase>
</testsuite>