<?xml version="1.0" encoding="UTF-8"?>
<!-- Generated by org.testng.reporters.JUnitReportReporter -->
<testsuite skipped="0" hostname="Yin_Yang" name="TestCases.HomePage" tests="3" failures="0" timestamp="2021-07-26T13:57:30 IST" time="26.906" errors="0">
  <testcase name="BasePageNav" time="10.375" classname="TestCases.HomePage"/>
  <system-out/>
  <testcase name="BasePageNav" time="8.923" classname="TestCases.HomePage"/>
  <system-out/>
  <testcase name="BasePageNav" time="7.608" classname="TestCases.HomePage"/>
  <system-out/>
</testsuite> <!-- TestCases.HomePage -->
