<?xml version="1.0" encoding="UTF-8"?>
<!-- Generated by org.testng.reporters.JUnitReportReporter -->
<testsuite skipped="0" hostname="Yin_Yang" name="TestCases.ValidateTitle" tests="1" failures="0" timestamp="2021-07-26T14:11:42 IST" time="0.114" errors="0">
  <testcase name="ValidateTitle1" time="0.114" classname="TestCases.ValidateTitle"/>
  <system-out/>
</testsuite> <!-- TestCases.ValidateTitle -->
