<?xml version="1.0" encoding="UTF-8"?>
<!-- Generated by org.testng.reporters.JUnitReportReporter -->
<testsuite skipped="0" hostname="Yin_Yang" name="TestCases.HomePage" tests="3" failures="0" timestamp="2021-07-26T14:11:42 IST" time="22.209" errors="0">
  <testcase name="BasePageNav" time="7.099" classname="TestCases.HomePage"/>
  <system-out/>
  <testcase name="BasePageNav" time="8.662" classname="TestCases.HomePage"/>
  <system-out/>
  <testcase name="BasePageNav" time="6.448" classname="TestCases.HomePage"/>
  <system-out/>
</testsuite> <!-- TestCases.HomePage -->
